app/build/intermediates/manifest_merge_blame_file/debug/manifest-merger-blame-debug-report.txt
1<?xml version="1.0" encoding="utf-8"?>
2<manifest xmlns:android="http://schemas.android.com/apk/res/android"
3    package="com.tubesprogmob.travelinbali"
4    android:versionCode="1"
5    android:versionName="1.0" >
6
7    <uses-sdk
8        android:minSdkVersion="28"
8-->src\main\AndroidManifest.xml
9        android:targetSdkVersion="29" />
9-->src\main\AndroidManifest.xml
10
11    <uses-permission android:name="android.permission.INTERNET" />
11-->src\main\AndroidManifest.xml:5:5-67
11-->src\main\AndroidManifest.xml:5:22-64
12
13    <application
13-->src\main\AndroidManifest.xml:7:5-34:19
14        android:allowBackup="true"
14-->src\main\AndroidManifest.xml:8:9-35
15        android:appComponentFactory="androidx.core.app.CoreComponentFactory"
15-->[androidx.core:core:1.1.0] AndroidManifest.xml:24:18-86
16        android:debuggable="true"
17        android:extractNativeLibs="false"
18        android:icon="@mipmap/ic_launcher"
18-->src\main\AndroidManifest.xml:9:9-43
19        android:label="@string/app_name"
19-->src\main\AndroidManifest.xml:10:9-41
20        android:roundIcon="@mipmap/ic_launcher_round"
20-->src\main\AndroidManifest.xml:11:9-54
21        android:supportsRtl="true"
21-->src\main\AndroidManifest.xml:12:9-35
22        android:testOnly="true"
23        android:theme="@style/AppTheme" >
23-->src\main\AndroidManifest.xml:13:9-40
24        <activity
24-->src\main\AndroidManifest.xml:14:9-15:51
25            android:name="com.tubesprogmob.travelinbali.ConfirmationActivity"
25-->src\main\AndroidManifest.xml:14:19-55
26            android:label="Thank You!" />
26-->src\main\AndroidManifest.xml:15:13-39
27        <activity android:name="com.tubesprogmob.travelinbali.SplashActivity" >
27-->src\main\AndroidManifest.xml:16:9-22:20
27-->src\main\AndroidManifest.xml:16:19-49
28            <intent-filter>
28-->src\main\AndroidManifest.xml:17:13-21:29
29                <action android:name="android.intent.action.MAIN" />
29-->src\main\AndroidManifest.xml:18:17-69
29-->src\main\AndroidManifest.xml:18:25-66
30
31                <category android:name="android.intent.category.LAUNCHER" />
31-->src\main\AndroidManifest.xml:20:17-77
31-->src\main\AndroidManifest.xml:20:27-74
32            </intent-filter>
33        </activity>
34        <activity android:name="com.tubesprogmob.travelinbali.ReservationActivity" />
34-->src\main\AndroidManifest.xml:23:9-57
34-->src\main\AndroidManifest.xml:23:19-54
35        <activity android:name="com.tubesprogmob.travelinbali.activitySport" />
35-->src\main\AndroidManifest.xml:24:9-51
35-->src\main\AndroidManifest.xml:24:19-48
36        <activity android:name="com.tubesprogmob.travelinbali.activityEntertainment" />
36-->src\main\AndroidManifest.xml:25:9-59
36-->src\main\AndroidManifest.xml:25:19-56
37        <activity android:name="com.tubesprogmob.travelinbali.activityEducation" />
37-->src\main\AndroidManifest.xml:26:9-55
37-->src\main\AndroidManifest.xml:26:19-52
38        <activity android:name="com.tubesprogmob.travelinbali.activityCulinary" />
38-->src\main\AndroidManifest.xml:27:9-54
38-->src\main\AndroidManifest.xml:27:19-51
39        <activity android:name="com.tubesprogmob.travelinbali.MainActivity" />
39-->src\main\AndroidManifest.xml:28:9-59
39-->src\main\AndroidManifest.xml:28:19-47
40        <activity android:name="com.tubesprogmob.travelinbali.DetailActivity" />
40-->src\main\AndroidManifest.xml:29:9-52
40-->src\main\AndroidManifest.xml:29:19-49
41
42        <meta-data
42-->src\main\AndroidManifest.xml:31:9-33:57
43            android:name="preloaded_fonts"
43-->src\main\AndroidManifest.xml:32:13-43
44            android:resource="@array/preloaded_fonts" />
44-->src\main\AndroidManifest.xml:33:13-54
45    </application>
46
47</manifest>